<?xml version="1.0" encoding="UTF-8"?>
<testsuite xmlns:xsi="http://www.w3.org/2001/XMLSchema-instance" xsi:noNamespaceSchemaLocation="https://maven.apache.org/surefire/maven-surefire-plugin/xsd/surefire-test-report-3.0.xsd" version="3.0" name="ar.dev.maxisandoval.webappplantapp.PlantaServiceTest" time="5.177" tests="6" errors="0" skipped="0" failures="0">
  <properties>
[...]
</properties>
  <testcase name="testListarPlantas" classname="ar.dev.maxisandoval.webappplantapp.PlantaServiceTest" time="0.602">
    <system-out><![CDATA[18:52:09.487 [main] INFO org.springframework.test.context.support.AnnotationConfigContextLoaderUtils -- Could not detect default configuration classes for test class [ar.dev.maxisandoval.webappplantapp.PlantaServiceTest]: PlantaServiceTest does not declare any static, non-private, non-final, nested classes annotated with @Configuration.
18:52:09.610 [main] INFO org.springframework.boot.test.context.SpringBootTestContextBootstrapper -- Found @SpringBootConfiguration ar.dev.maxisandoval.webappplantapp.WebappPlantappApplication for test class ar.dev.maxisandoval.webappplantapp.PlantaServiceTest

  .   ____          _            __ _ _
 /\\ / ___'_ __ _ _(_)_ __  __ _ \ \ \ \
( ( )\___ | '_ | '_| | '_ \/ _` | \ \ \ \
 \\/  ___)| |_)| | | | | || (_| |  ) ) ) )
  '  |____| .__|_| |_|_| |_\__, | / / / /
 =========|_|==============|___/=/_/_/_/

 :: Spring Boot ::                (v3.3.3)

2024-10-11T18:52:09.967Z  INFO 1866 --- [webapp-plantapp] [           main] a.d.m.webappplantapp.PlantaServiceTest   : Starting PlantaServiceTest using Java 18.0.2.1 with PID 1866 (started by runner in /home/runner/work/webapp-plantapp/webapp-plantapp)
2024-10-11T18:52:09.968Z  INFO 1866 --- [webapp-plantapp] [           main] a.d.m.webappplantapp.PlantaServiceTest   : No active profile set, falling back to 1 default profile: "default"
2024-10-11T18:52:10.629Z  INFO 1866 --- [webapp-plantapp] [           main] .s.d.r.c.RepositoryConfigurationDelegate : Bootstrapping Spring Data JPA repositories in DEFAULT mode.
2024-10-11T18:52:10.683Z  INFO 1866 --- [webapp-plantapp] [           main] .s.d.r.c.RepositoryConfigurationDelegate : Finished Spring Data repository scanning in 47 ms. Found 4 JPA repository interfaces.
2024-10-11T18:52:11.121Z  INFO 1866 --- [webapp-plantapp] [           main] com.zaxxer.hikari.HikariDataSource       : HikariPool-1 - Starting...
2024-10-11T18:52:11.252Z  INFO 1866 --- [webapp-plantapp] [           main] com.zaxxer.hikari.pool.HikariPool        : HikariPool-1 - Added connection conn0: url=jdbc:h2:mem:testdb user=SA
2024-10-11T18:52:11.253Z  INFO 1866 --- [webapp-plantapp] [           main] com.zaxxer.hikari.HikariDataSource       : HikariPool-1 - Start completed.
2024-10-11T18:52:11.308Z  INFO 1866 --- [webapp-plantapp] [           main] o.hibernate.jpa.internal.util.LogHelper  : HHH000204: Processing PersistenceUnitInfo [name: default]
2024-10-11T18:52:11.347Z  INFO 1866 --- [webapp-plantapp] [           main] org.hibernate.Version                    : HHH000412: Hibernate ORM core version 6.5.2.Final
2024-10-11T18:52:11.369Z  INFO 1866 --- [webapp-plantapp] [           main] o.h.c.internal.RegionFactoryInitiator    : HHH000026: Second-level cache disabled
2024-10-11T18:52:11.646Z  INFO 1866 --- [webapp-plantapp] [           main] o.s.o.j.p.SpringPersistenceUnitInfo      : No LoadTimeWeaver setup: ignoring JPA class transformer
2024-10-11T18:52:12.460Z  INFO 1866 --- [webapp-plantapp] [           main] o.h.e.t.j.p.i.JtaPlatformInitiator       : HHH000489: No JTA platform available (set 'hibernate.transaction.jta.platform' to enable JTA platform integration)
2024-10-11T18:52:12.505Z  INFO 1866 --- [webapp-plantapp] [           main] j.LocalContainerEntityManagerFactoryBean : Initialized JPA EntityManagerFactory for persistence unit 'default'
2024-10-11T18:52:12.809Z  INFO 1866 --- [webapp-plantapp] [           main] o.s.d.j.r.query.QueryEnhancerFactory     : Hibernate is in classpath; If applicable, HQL parser will be used.
2024-10-11T18:52:13.216Z  WARN 1866 --- [webapp-plantapp] [           main] JpaBaseConfiguration$JpaWebConfiguration : spring.jpa.open-in-view is enabled by default. Therefore, database queries may be performed during view rendering. Explicitly configure spring.jpa.open-in-view to disable this warning
2024-10-11T18:52:13.241Z  INFO 1866 --- [webapp-plantapp] [           main] r$InitializeUserDetailsManagerConfigurer : Global AuthenticationManager configured with UserDetailsService bean with name customUserDetailsService
2024-10-11T18:52:13.694Z  INFO 1866 --- [webapp-plantapp] [           main] o.s.b.a.h2.H2ConsoleAutoConfiguration    : H2 console available at '/h2-console'. Database available at 'jdbc:h2:mem:testdb'
2024-10-11T18:52:13.770Z  INFO 1866 --- [webapp-plantapp] [           main] a.d.m.webappplantapp.PlantaServiceTest   : Started PlantaServiceTest in 4.03 seconds (process running for 4.953)
]]></system-out>
  </testcase>
  <testcase name="testObtenerPlantaPorId" classname="ar.dev.maxisandoval.webappplantapp.PlantaServiceTest" time="0.018"/>
  <testcase name="testGuardarPlantaSinProspectos" classname="ar.dev.maxisandoval.webappplantapp.PlantaServiceTest" time="0.012"/>
  <testcase name="testActualizarPlantaSinProspectos" classname="ar.dev.maxisandoval.webappplantapp.PlantaServiceTest" time="0.034"/>
  <testcase name="testGuardarPlantaConProspectos" classname="ar.dev.maxisandoval.webappplantapp.PlantaServiceTest" time="0.03"/>
  <testcase name="testEliminarPlanta" classname="ar.dev.maxisandoval.webappplantapp.PlantaServiceTest" time="0.021"/>
</testsuite>